<?xml version="1.0" encoding="UTF-8"?>
<testsuite xmlns:xsi="http://www.w3.org/2001/XMLSchema-instance" xsi:noNamespaceSchemaLocation="https://maven.apache.org/surefire/maven-surefire-plugin/xsd/surefire-test-report-3.0.xsd" version="3.0" name="es.udc.rs.deliveries.test.model.deliveryservice.DeliveryServiceTest" time="0.134" tests="13" errors="0" skipped="0" failures="0">
  <properties>
[...]
</properties>
  <testcase name="testDeleteCustomerWithShipments" classname="es.udc.rs.deliveries.test.model.deliveryservice.DeliveryServiceTest" time="0.04"/>
  <testcase name="testFindShipmentById" classname="es.udc.rs.deliveries.test.model.deliveryservice.DeliveryServiceTest" time="0.007"/>
  <testcase name="testUpdateShipment" classname="es.udc.rs.deliveries.test.model.deliveryservice.DeliveryServiceTest" time="0.005"/>
  <testcase name="testFindInvalidCustomerByKeyword" classname="es.udc.rs.deliveries.test.model.deliveryservice.DeliveryServiceTest" time="0.002"/>
  <testcase name="testInvalidFindShipments" classname="es.udc.rs.deliveries.test.model.deliveryservice.DeliveryServiceTest" time="0.006"/>
  <testcase name="testFindCustomerById" classname="es.udc.rs.deliveries.test.model.deliveryservice.DeliveryServiceTest" time="0.002"/>
  <testcase name="testUpdateCustomer" classname="es.udc.rs.deliveries.test.model.deliveryservice.DeliveryServiceTest" time="0.001"/>
  <testcase name="testAddInvalidShipment" classname="es.udc.rs.deliveries.test.model.deliveryservice.DeliveryServiceTest" time="0.011"/>
  <testcase name="testCancelShipment" classname="es.udc.rs.deliveries.test.model.deliveryservice.DeliveryServiceTest" time="0.002"/>
  <testcase name="testAddShipmentAndFindShipments" classname="es.udc.rs.deliveries.test.model.deliveryservice.DeliveryServiceTest" time="0.004"/>
  <testcase name="testAddInvalidCustomer" classname="es.udc.rs.deliveries.test.model.deliveryservice.DeliveryServiceTest" time="0.002"/>
  <testcase name="testDeleteCustomer" classname="es.udc.rs.deliveries.test.model.deliveryservice.DeliveryServiceTest" time="0.001"/>
  <testcase name="testAddCustomerAndFindCustomerByKeyword" classname="es.udc.rs.deliveries.test.model.deliveryservice.DeliveryServiceTest" time="0.001"/>
</testsuite>